Added Component: Designator=C1(C0402)
Add component (AddParameter): Name = "Add into BOM"; Value = "yes"; VariantName = "[No Variations]"
Add component (AddParameter): Name = "Convert to PCB"; Value = "yes"; VariantName = "[No Variations]"
Add component (AddParameter): Name = "Datasheet"; Value = "https://atta.szlcsc.com/upload/public/pdf/source/20181009/C307414_0A02B57115E94FED95F0CB1E32115BFC.pdf"; VariantName = "[No Variations]"
Add component (AddParameter): Name = "Device"; Value = "cap-0402"; VariantName = "[No Variations]"
Add component (AddParameter): Name = "JLCPCB Part Class"; Value = "Extended Part"; VariantName = "[No Variations]"
Add component (AddParameter): Name = "LCSC Part Name"; Value = "1uF ”Ą10% 10V"; VariantName = "[No Variations]"
Add component (AddParameter): Name = "Manufacturer"; Value = "SAMSUNG(ČżŠĒ)"; VariantName = "[No Variations]"
Add component (AddParameter): Name = "Manufacturer Part"; Value = "CL05A105KP5NNND"; VariantName = "[No Variations]"
Add component (AddParameter): Name = "Name"; Value = ""; VariantName = "[No Variations]"
Add component (AddParameter): Name = "Supplier"; Value = "LCSC"; VariantName = "[No Variations]"
Add component (AddParameter): Name = "Supplier Footprint"; Value = "0402"; VariantName = "[No Variations]"
Add component (AddParameter): Name = "Supplier Part"; Value = "C307414"; VariantName = "[No Variations]"
Add component (AddParameter): Name = "Symbol"; Value = "CAP-0402"; VariantName = "[No Variations]"
Add component (AddParameter): Name = "Temperature Coefficient"; Value = "X5R"; VariantName = "[No Variations]"
Add component (AddParameter): Name = "Tolerance"; Value = "”Ą10%"; VariantName = "[No Variations]"
Add component (AddParameter): Name = "Voltage Rated"; Value = "10V"; VariantName = "[No Variations]"
Added Component: Designator=C2(C0402)
Add component (AddParameter): Name = "Add into BOM"; Value = "yes"; VariantName = "[No Variations]"
Add component (AddParameter): Name = "Convert to PCB"; Value = "yes"; VariantName = "[No Variations]"
Add component (AddParameter): Name = "Datasheet"; Value = "https://atta.szlcsc.com/upload/public/pdf/source/20181009/C307414_0A02B57115E94FED95F0CB1E32115BFC.pdf"; VariantName = "[No Variations]"
Add component (AddParameter): Name = "Device"; Value = "cap-0402"; VariantName = "[No Variations]"
Add component (AddParameter): Name = "JLCPCB Part Class"; Value = "Extended Part"; VariantName = "[No Variations]"
Add component (AddParameter): Name = "LCSC Part Name"; Value = "1uF ”Ą10% 10V"; VariantName = "[No Variations]"
Add component (AddParameter): Name = "Manufacturer"; Value = "SAMSUNG(ČżŠĒ)"; VariantName = "[No Variations]"
Add component (AddParameter): Name = "Manufacturer Part"; Value = "CL05A105KP5NNND"; VariantName = "[No Variations]"
Add component (AddParameter): Name = "Name"; Value = ""; VariantName = "[No Variations]"
Add component (AddParameter): Name = "Supplier"; Value = "LCSC"; VariantName = "[No Variations]"
Add component (AddParameter): Name = "Supplier Footprint"; Value = "0402"; VariantName = "[No Variations]"
Add component (AddParameter): Name = "Supplier Part"; Value = "C307414"; VariantName = "[No Variations]"
Add component (AddParameter): Name = "Symbol"; Value = "CAP-0402"; VariantName = "[No Variations]"
Add component (AddParameter): Name = "Temperature Coefficient"; Value = "X5R"; VariantName = "[No Variations]"
Add component (AddParameter): Name = "Tolerance"; Value = "”Ą10%"; VariantName = "[No Variations]"
Add component (AddParameter): Name = "Voltage Rated"; Value = "10V"; VariantName = "[No Variations]"
Added Component: Designator=C3(C0402)
Add component (AddParameter): Name = "Add into BOM"; Value = "yes"; VariantName = "[No Variations]"
Add component (AddParameter): Name = "Convert to PCB"; Value = "yes"; VariantName = "[No Variations]"
Add component (AddParameter): Name = "Datasheet"; Value = "https://atta.szlcsc.com/upload/public/pdf/source/20181009/C307414_0A02B57115E94FED95F0CB1E32115BFC.pdf"; VariantName = "[No Variations]"
Add component (AddParameter): Name = "Device"; Value = "cap-0402"; VariantName = "[No Variations]"
Add component (AddParameter): Name = "JLCPCB Part Class"; Value = "Extended Part"; VariantName = "[No Variations]"
Add component (AddParameter): Name = "LCSC Part Name"; Value = "1uF ”Ą10% 10V"; VariantName = "[No Variations]"
Add component (AddParameter): Name = "Manufacturer"; Value = "SAMSUNG(ČżŠĒ)"; VariantName = "[No Variations]"
Add component (AddParameter): Name = "Manufacturer Part"; Value = "CL05A105KP5NNND"; VariantName = "[No Variations]"
Add component (AddParameter): Name = "Name"; Value = ""; VariantName = "[No Variations]"
Add component (AddParameter): Name = "Supplier"; Value = "LCSC"; VariantName = "[No Variations]"
Add component (AddParameter): Name = "Supplier Footprint"; Value = "0402"; VariantName = "[No Variations]"
Add component (AddParameter): Name = "Supplier Part"; Value = "C307414"; VariantName = "[No Variations]"
Add component (AddParameter): Name = "Symbol"; Value = "CAP-0402"; VariantName = "[No Variations]"
Add component (AddParameter): Name = "Temperature Coefficient"; Value = "X5R"; VariantName = "[No Variations]"
Add component (AddParameter): Name = "Tolerance"; Value = "”Ą10%"; VariantName = "[No Variations]"
Add component (AddParameter): Name = "Voltage Rated"; Value = "10V"; VariantName = "[No Variations]"
Added Component: Designator=C4(C0402)
Add component (AddParameter): Name = "Add into BOM"; Value = "yes"; VariantName = "[No Variations]"
Add component (AddParameter): Name = "Convert to PCB"; Value = "yes"; VariantName = "[No Variations]"
Add component (AddParameter): Name = "Datasheet"; Value = "https://atta.szlcsc.com/upload/public/pdf/source/20181009/C307414_0A02B57115E94FED95F0CB1E32115BFC.pdf"; VariantName = "[No Variations]"
Add component (AddParameter): Name = "Device"; Value = "cap-0402"; VariantName = "[No Variations]"
Add component (AddParameter): Name = "JLCPCB Part Class"; Value = "Extended Part"; VariantName = "[No Variations]"
Add component (AddParameter): Name = "LCSC Part Name"; Value = "1uF ”Ą10% 10V"; VariantName = "[No Variations]"
Add component (AddParameter): Name = "Manufacturer"; Value = "SAMSUNG(ČżŠĒ)"; VariantName = "[No Variations]"
Add component (AddParameter): Name = "Manufacturer Part"; Value = "CL05A105KP5NNND"; VariantName = "[No Variations]"
Add component (AddParameter): Name = "Name"; Value = ""; VariantName = "[No Variations]"
Add component (AddParameter): Name = "Supplier"; Value = "LCSC"; VariantName = "[No Variations]"
Add component (AddParameter): Name = "Supplier Footprint"; Value = "0402"; VariantName = "[No Variations]"
Add component (AddParameter): Name = "Supplier Part"; Value = "C307414"; VariantName = "[No Variations]"
Add component (AddParameter): Name = "Symbol"; Value = "CAP-0402"; VariantName = "[No Variations]"
Add component (AddParameter): Name = "Temperature Coefficient"; Value = "X5R"; VariantName = "[No Variations]"
Add component (AddParameter): Name = "Tolerance"; Value = "”Ą10%"; VariantName = "[No Variations]"
Add component (AddParameter): Name = "Voltage Rated"; Value = "10V"; VariantName = "[No Variations]"
Added Component: Designator=C5(C0402)
Add component (AddParameter): Name = "Add into BOM"; Value = "yes"; VariantName = "[No Variations]"
Add component (AddParameter): Name = "Convert to PCB"; Value = "yes"; VariantName = "[No Variations]"
Add component (AddParameter): Name = "Datasheet"; Value = "https://atta.szlcsc.com/upload/public/pdf/source/20181009/C307414_0A02B57115E94FED95F0CB1E32115BFC.pdf"; VariantName = "[No Variations]"
Add component (AddParameter): Name = "Device"; Value = "cap-0402"; VariantName = "[No Variations]"
Add component (AddParameter): Name = "JLCPCB Part Class"; Value = "Extended Part"; VariantName = "[No Variations]"
Add component (AddParameter): Name = "LCSC Part Name"; Value = "1uF ”Ą10% 10V"; VariantName = "[No Variations]"
Add component (AddParameter): Name = "Manufacturer"; Value = "SAMSUNG(ČżŠĒ)"; VariantName = "[No Variations]"
Add component (AddParameter): Name = "Manufacturer Part"; Value = "CL05A105KP5NNND"; VariantName = "[No Variations]"
Add component (AddParameter): Name = "Name"; Value = ""; VariantName = "[No Variations]"
Add component (AddParameter): Name = "Supplier"; Value = "LCSC"; VariantName = "[No Variations]"
Add component (AddParameter): Name = "Supplier Footprint"; Value = "0402"; VariantName = "[No Variations]"
Add component (AddParameter): Name = "Supplier Part"; Value = "C307414"; VariantName = "[No Variations]"
Add component (AddParameter): Name = "Symbol"; Value = "CAP-0402"; VariantName = "[No Variations]"
Add component (AddParameter): Name = "Temperature Coefficient"; Value = "X5R"; VariantName = "[No Variations]"
Add component (AddParameter): Name = "Tolerance"; Value = "”Ą10%"; VariantName = "[No Variations]"
Add component (AddParameter): Name = "Voltage Rated"; Value = "10V"; VariantName = "[No Variations]"
Added Component: Designator=C6(C0402)
Add component (AddParameter): Name = "Add into BOM"; Value = "yes"; VariantName = "[No Variations]"
Add component (AddParameter): Name = "Convert to PCB"; Value = "yes"; VariantName = "[No Variations]"
Add component (AddParameter): Name = "Datasheet"; Value = "https://atta.szlcsc.com/upload/public/pdf/source/20181009/C307414_0A02B57115E94FED95F0CB1E32115BFC.pdf"; VariantName = "[No Variations]"
Add component (AddParameter): Name = "Device"; Value = "cap-0402"; VariantName = "[No Variations]"
Add component (AddParameter): Name = "JLCPCB Part Class"; Value = "Extended Part"; VariantName = "[No Variations]"
Add component (AddParameter): Name = "LCSC Part Name"; Value = "1uF ”Ą10% 10V"; VariantName = "[No Variations]"
Add component (AddParameter): Name = "Manufacturer"; Value = "SAMSUNG(ČżŠĒ)"; VariantName = "[No Variations]"
Add component (AddParameter): Name = "Manufacturer Part"; Value = "CL05A105KP5NNND"; VariantName = "[No Variations]"
Add component (AddParameter): Name = "Name"; Value = ""; VariantName = "[No Variations]"
Add component (AddParameter): Name = "Supplier"; Value = "LCSC"; VariantName = "[No Variations]"
Add component (AddParameter): Name = "Supplier Footprint"; Value = "0402"; VariantName = "[No Variations]"
Add component (AddParameter): Name = "Supplier Part"; Value = "C307414"; VariantName = "[No Variations]"
Add component (AddParameter): Name = "Symbol"; Value = "CAP-0402"; VariantName = "[No Variations]"
Add component (AddParameter): Name = "Temperature Coefficient"; Value = "X5R"; VariantName = "[No Variations]"
Add component (AddParameter): Name = "Tolerance"; Value = "”Ą10%"; VariantName = "[No Variations]"
Add component (AddParameter): Name = "Voltage Rated"; Value = "10V"; VariantName = "[No Variations]"
Added Component: Designator=C7(C0402)
Add component (AddParameter): Name = "Add into BOM"; Value = "yes"; VariantName = "[No Variations]"
Add component (AddParameter): Name = "Convert to PCB"; Value = "yes"; VariantName = "[No Variations]"
Add component (AddParameter): Name = "Datasheet"; Value = "https://atta.szlcsc.com/upload/public/pdf/source/20181009/C307414_0A02B57115E94FED95F0CB1E32115BFC.pdf"; VariantName = "[No Variations]"
Add component (AddParameter): Name = "Device"; Value = "cap-0402"; VariantName = "[No Variations]"
Add component (AddParameter): Name = "JLCPCB Part Class"; Value = "Extended Part"; VariantName = "[No Variations]"
Add component (AddParameter): Name = "LCSC Part Name"; Value = "1uF ”Ą10% 10V"; VariantName = "[No Variations]"
Add component (AddParameter): Name = "Manufacturer"; Value = "SAMSUNG(ČżŠĒ)"; VariantName = "[No Variations]"
Add component (AddParameter): Name = "Manufacturer Part"; Value = "CL05A105KP5NNND"; VariantName = "[No Variations]"
Add component (AddParameter): Name = "Name"; Value = ""; VariantName = "[No Variations]"
Add component (AddParameter): Name = "Supplier"; Value = "LCSC"; VariantName = "[No Variations]"
Add component (AddParameter): Name = "Supplier Footprint"; Value = "0402"; VariantName = "[No Variations]"
Add component (AddParameter): Name = "Supplier Part"; Value = "C307414"; VariantName = "[No Variations]"
Add component (AddParameter): Name = "Symbol"; Value = "CAP-0402"; VariantName = "[No Variations]"
Add component (AddParameter): Name = "Temperature Coefficient"; Value = "X5R"; VariantName = "[No Variations]"
Add component (AddParameter): Name = "Tolerance"; Value = "”Ą10%"; VariantName = "[No Variations]"
Add component (AddParameter): Name = "Voltage Rated"; Value = "10V"; VariantName = "[No Variations]"
Added Component: Designator=C8(C0402)
Add component (AddParameter): Name = "Add into BOM"; Value = "yes"; VariantName = "[No Variations]"
Add component (AddParameter): Name = "Convert to PCB"; Value = "yes"; VariantName = "[No Variations]"
Add component (AddParameter): Name = "Datasheet"; Value = "https://atta.szlcsc.com/upload/public/pdf/source/20181009/C307414_0A02B57115E94FED95F0CB1E32115BFC.pdf"; VariantName = "[No Variations]"
Add component (AddParameter): Name = "Device"; Value = "cap-0402"; VariantName = "[No Variations]"
Add component (AddParameter): Name = "JLCPCB Part Class"; Value = "Extended Part"; VariantName = "[No Variations]"
Add component (AddParameter): Name = "LCSC Part Name"; Value = "1uF ”Ą10% 10V"; VariantName = "[No Variations]"
Add component (AddParameter): Name = "Manufacturer"; Value = "SAMSUNG(ČżŠĒ)"; VariantName = "[No Variations]"
Add component (AddParameter): Name = "Manufacturer Part"; Value = "CL05A105KP5NNND"; VariantName = "[No Variations]"
Add component (AddParameter): Name = "Name"; Value = ""; VariantName = "[No Variations]"
Add component (AddParameter): Name = "Supplier"; Value = "LCSC"; VariantName = "[No Variations]"
Add component (AddParameter): Name = "Supplier Footprint"; Value = "0402"; VariantName = "[No Variations]"
Add component (AddParameter): Name = "Supplier Part"; Value = "C307414"; VariantName = "[No Variations]"
Add component (AddParameter): Name = "Symbol"; Value = "CAP-0402"; VariantName = "[No Variations]"
Add component (AddParameter): Name = "Temperature Coefficient"; Value = "X5R"; VariantName = "[No Variations]"
Add component (AddParameter): Name = "Tolerance"; Value = "”Ą10%"; VariantName = "[No Variations]"
Add component (AddParameter): Name = "Voltage Rated"; Value = "10V"; VariantName = "[No Variations]"
Added Component: Designator=C9(C0402)
Add component (AddParameter): Name = "Add into BOM"; Value = "yes"; VariantName = "[No Variations]"
Add component (AddParameter): Name = "Convert to PCB"; Value = "yes"; VariantName = "[No Variations]"
Add component (AddParameter): Name = "Datasheet"; Value = "https://atta.szlcsc.com/upload/public/pdf/source/20181009/C307414_0A02B57115E94FED95F0CB1E32115BFC.pdf"; VariantName = "[No Variations]"
Add component (AddParameter): Name = "Device"; Value = "cap-0402"; VariantName = "[No Variations]"
Add component (AddParameter): Name = "JLCPCB Part Class"; Value = "Extended Part"; VariantName = "[No Variations]"
Add component (AddParameter): Name = "LCSC Part Name"; Value = "1uF ”Ą10% 10V"; VariantName = "[No Variations]"
Add component (AddParameter): Name = "Manufacturer"; Value = "SAMSUNG(ČżŠĒ)"; VariantName = "[No Variations]"
Add component (AddParameter): Name = "Manufacturer Part"; Value = "CL05A105KP5NNND"; VariantName = "[No Variations]"
Add component (AddParameter): Name = "Name"; Value = ""; VariantName = "[No Variations]"
Add component (AddParameter): Name = "Supplier"; Value = "LCSC"; VariantName = "[No Variations]"
Add component (AddParameter): Name = "Supplier Footprint"; Value = "0402"; VariantName = "[No Variations]"
Add component (AddParameter): Name = "Supplier Part"; Value = "C307414"; VariantName = "[No Variations]"
Add component (AddParameter): Name = "Symbol"; Value = "CAP-0402"; VariantName = "[No Variations]"
Add component (AddParameter): Name = "Temperature Coefficient"; Value = "X5R"; VariantName = "[No Variations]"
Add component (AddParameter): Name = "Tolerance"; Value = "”Ą10%"; VariantName = "[No Variations]"
Add component (AddParameter): Name = "Voltage Rated"; Value = "10V"; VariantName = "[No Variations]"
Added Component: Designator=C10(C0402)
Add component (AddParameter): Name = "Add into BOM"; Value = "yes"; VariantName = "[No Variations]"
Add component (AddParameter): Name = "Convert to PCB"; Value = "yes"; VariantName = "[No Variations]"
Add component (AddParameter): Name = "Datasheet"; Value = "https://atta.szlcsc.com/upload/public/pdf/source/20181009/C307414_0A02B57115E94FED95F0CB1E32115BFC.pdf"; VariantName = "[No Variations]"
Add component (AddParameter): Name = "Device"; Value = "cap-0402"; VariantName = "[No Variations]"
Add component (AddParameter): Name = "JLCPCB Part Class"; Value = "Extended Part"; VariantName = "[No Variations]"
Add component (AddParameter): Name = "LCSC Part Name"; Value = "1uF ”Ą10% 10V"; VariantName = "[No Variations]"
Add component (AddParameter): Name = "Manufacturer"; Value = "SAMSUNG(ČżŠĒ)"; VariantName = "[No Variations]"
Add component (AddParameter): Name = "Manufacturer Part"; Value = "CL05A105KP5NNND"; VariantName = "[No Variations]"
Add component (AddParameter): Name = "Name"; Value = ""; VariantName = "[No Variations]"
Add component (AddParameter): Name = "Supplier"; Value = "LCSC"; VariantName = "[No Variations]"
Add component (AddParameter): Name = "Supplier Footprint"; Value = "0402"; VariantName = "[No Variations]"
Add component (AddParameter): Name = "Supplier Part"; Value = "C307414"; VariantName = "[No Variations]"
Add component (AddParameter): Name = "Symbol"; Value = "CAP-0402"; VariantName = "[No Variations]"
Add component (AddParameter): Name = "Temperature Coefficient"; Value = "X5R"; VariantName = "[No Variations]"
Add component (AddParameter): Name = "Tolerance"; Value = "”Ą10%"; VariantName = "[No Variations]"
Add component (AddParameter): Name = "Voltage Rated"; Value = "10V"; VariantName = "[No Variations]"
Added Component: Designator=C11(C0402)
Add component (AddParameter): Name = "Add into BOM"; Value = "yes"; VariantName = "[No Variations]"
Add component (AddParameter): Name = "Convert to PCB"; Value = "yes"; VariantName = "[No Variations]"
Add component (AddParameter): Name = "Datasheet"; Value = "https://atta.szlcsc.com/upload/public/pdf/source/20181009/C307414_0A02B57115E94FED95F0CB1E32115BFC.pdf"; VariantName = "[No Variations]"
Add component (AddParameter): Name = "Device"; Value = "cap-0402"; VariantName = "[No Variations]"
Add component (AddParameter): Name = "JLCPCB Part Class"; Value = "Extended Part"; VariantName = "[No Variations]"
Add component (AddParameter): Name = "LCSC Part Name"; Value = "1uF ”Ą10% 10V"; VariantName = "[No Variations]"
Add component (AddParameter): Name = "Manufacturer"; Value = "SAMSUNG(ČżŠĒ)"; VariantName = "[No Variations]"
Add component (AddParameter): Name = "Manufacturer Part"; Value = "CL05A105KP5NNND"; VariantName = "[No Variations]"
Add component (AddParameter): Name = "Name"; Value = ""; VariantName = "[No Variations]"
Add component (AddParameter): Name = "Supplier"; Value = "LCSC"; VariantName = "[No Variations]"
Add component (AddParameter): Name = "Supplier Footprint"; Value = "0402"; VariantName = "[No Variations]"
Add component (AddParameter): Name = "Supplier Part"; Value = "C307414"; VariantName = "[No Variations]"
Add component (AddParameter): Name = "Symbol"; Value = "CAP-0402"; VariantName = "[No Variations]"
Add component (AddParameter): Name = "Temperature Coefficient"; Value = "X5R"; VariantName = "[No Variations]"
Add component (AddParameter): Name = "Tolerance"; Value = "”Ą10%"; VariantName = "[No Variations]"
Add component (AddParameter): Name = "Voltage Rated"; Value = "10V"; VariantName = "[No Variations]"
Added Component: Designator=C12(C0402)
Add component (AddParameter): Name = "Add into BOM"; Value = "yes"; VariantName = "[No Variations]"
Add component (AddParameter): Name = "Convert to PCB"; Value = "yes"; VariantName = "[No Variations]"
Add component (AddParameter): Name = "Datasheet"; Value = "https://atta.szlcsc.com/upload/public/pdf/source/20181009/C307414_0A02B57115E94FED95F0CB1E32115BFC.pdf"; VariantName = "[No Variations]"
Add component (AddParameter): Name = "Device"; Value = "cap-0402"; VariantName = "[No Variations]"
Add component (AddParameter): Name = "JLCPCB Part Class"; Value = "Extended Part"; VariantName = "[No Variations]"
Add component (AddParameter): Name = "LCSC Part Name"; Value = "1uF ”Ą10% 10V"; VariantName = "[No Variations]"
Add component (AddParameter): Name = "Manufacturer"; Value = "SAMSUNG(ČżŠĒ)"; VariantName = "[No Variations]"
Add component (AddParameter): Name = "Manufacturer Part"; Value = "CL05A105KP5NNND"; VariantName = "[No Variations]"
Add component (AddParameter): Name = "Name"; Value = ""; VariantName = "[No Variations]"
Add component (AddParameter): Name = "Supplier"; Value = "LCSC"; VariantName = "[No Variations]"
Add component (AddParameter): Name = "Supplier Footprint"; Value = "0402"; VariantName = "[No Variations]"
Add component (AddParameter): Name = "Supplier Part"; Value = "C307414"; VariantName = "[No Variations]"
Add component (AddParameter): Name = "Symbol"; Value = "CAP-0402"; VariantName = "[No Variations]"
Add component (AddParameter): Name = "Temperature Coefficient"; Value = "X5R"; VariantName = "[No Variations]"
Add component (AddParameter): Name = "Tolerance"; Value = "”Ą10%"; VariantName = "[No Variations]"
Add component (AddParameter): Name = "Voltage Rated"; Value = "10V"; VariantName = "[No Variations]"
Added Component: Designator=C13(C0402)
Add component (AddParameter): Name = "Add into BOM"; Value = "yes"; VariantName = "[No Variations]"
Add component (AddParameter): Name = "Convert to PCB"; Value = "yes"; VariantName = "[No Variations]"
Add component (AddParameter): Name = "Datasheet"; Value = "https://atta.szlcsc.com/upload/public/pdf/source/20181009/C307414_0A02B57115E94FED95F0CB1E32115BFC.pdf"; VariantName = "[No Variations]"
Add component (AddParameter): Name = "Device"; Value = "cap-0402"; VariantName = "[No Variations]"
Add component (AddParameter): Name = "JLCPCB Part Class"; Value = "Extended Part"; VariantName = "[No Variations]"
Add component (AddParameter): Name = "LCSC Part Name"; Value = "1uF ”Ą10% 10V"; VariantName = "[No Variations]"
Add component (AddParameter): Name = "Manufacturer"; Value = "SAMSUNG(ČżŠĒ)"; VariantName = "[No Variations]"
Add component (AddParameter): Name = "Manufacturer Part"; Value = "CL05A105KP5NNND"; VariantName = "[No Variations]"
Add component (AddParameter): Name = "Name"; Value = ""; VariantName = "[No Variations]"
Add component (AddParameter): Name = "Supplier"; Value = "LCSC"; VariantName = "[No Variations]"
Add component (AddParameter): Name = "Supplier Footprint"; Value = "0402"; VariantName = "[No Variations]"
Add component (AddParameter): Name = "Supplier Part"; Value = "C307414"; VariantName = "[No Variations]"
Add component (AddParameter): Name = "Symbol"; Value = "CAP-0402"; VariantName = "[No Variations]"
Add component (AddParameter): Name = "Temperature Coefficient"; Value = "X5R"; VariantName = "[No Variations]"
Add component (AddParameter): Name = "Tolerance"; Value = "”Ą10%"; VariantName = "[No Variations]"
Add component (AddParameter): Name = "Voltage Rated"; Value = "10V"; VariantName = "[No Variations]"
Added Component: Designator=C14(C0402)
Add component (AddParameter): Name = "Add into BOM"; Value = "yes"; VariantName = "[No Variations]"
Add component (AddParameter): Name = "Convert to PCB"; Value = "yes"; VariantName = "[No Variations]"
Add component (AddParameter): Name = "Datasheet"; Value = "https://atta.szlcsc.com/upload/public/pdf/source/20181009/C307414_0A02B57115E94FED95F0CB1E32115BFC.pdf"; VariantName = "[No Variations]"
Add component (AddParameter): Name = "Device"; Value = "cap-0402"; VariantName = "[No Variations]"
Add component (AddParameter): Name = "JLCPCB Part Class"; Value = "Extended Part"; VariantName = "[No Variations]"
Add component (AddParameter): Name = "LCSC Part Name"; Value = "1uF ”Ą10% 10V"; VariantName = "[No Variations]"
Add component (AddParameter): Name = "Manufacturer"; Value = "SAMSUNG(ČżŠĒ)"; VariantName = "[No Variations]"
Add component (AddParameter): Name = "Manufacturer Part"; Value = "CL05A105KP5NNND"; VariantName = "[No Variations]"
Add component (AddParameter): Name = "Name"; Value = ""; VariantName = "[No Variations]"
Add component (AddParameter): Name = "Supplier"; Value = "LCSC"; VariantName = "[No Variations]"
Add component (AddParameter): Name = "Supplier Footprint"; Value = "0402"; VariantName = "[No Variations]"
Add component (AddParameter): Name = "Supplier Part"; Value = "C307414"; VariantName = "[No Variations]"
Add component (AddParameter): Name = "Symbol"; Value = "CAP-0402"; VariantName = "[No Variations]"
Add component (AddParameter): Name = "Temperature Coefficient"; Value = "X5R"; VariantName = "[No Variations]"
Add component (AddParameter): Name = "Tolerance"; Value = "”Ą10%"; VariantName = "[No Variations]"
Add component (AddParameter): Name = "Voltage Rated"; Value = "10V"; VariantName = "[No Variations]"
Add Component: Footprint Not Found R0402_1
Add Component: Footprint Not Found R0402_1
Add Component: Footprint Not Found R0402_1
Add Component: Footprint Not Found R0402_1
Add Component: Footprint Not Found R0402_1
Add Component: Footprint Not Found SW-SMD_L4.0-W2.9-LS5.0
Added Component: Designator=U1(LQFP-64_L10.0-W10.0-P0.50)
Add Component: Footprint Not Found SOT-23-5_L3.0-W1.7-P0.95-LS2.8-BR
Added Pin To Net: NetName=GND Pin=C1-2
Added Pin To Net: NetName=GND Pin=C2-2
Added Pin To Net: NetName=GND Pin=C3-2
Added Pin To Net: NetName=GND Pin=C4-2
Added Pin To Net: NetName=GND Pin=C5-1
Added Pin To Net: NetName=GND Pin=C6-2
Added Pin To Net: NetName=GND Pin=C7-2
Added Pin To Net: NetName=GND Pin=C8-2
Added Pin To Net: NetName=GND Pin=C9-2
Added Pin To Net: NetName=GND Pin=C10-2
Added Pin To Net: NetName=GND Pin=C11-2
Added Pin To Net: NetName=GND Pin=C12-2
Added Pin To Net: NetName=GND Pin=C13-2
Added Pin To Net: NetName=GND Pin=U1-12
Added Pin To Net: NetName=GND Pin=U1-18
Added Pin To Net: NetName=GND Pin=U1-63
Added Net: Name=GND
Added Pin To Net: NetName=NetC1_1 Pin=C1-1
Added Pin To Net: NetName=NetC1_1 Pin=U1-5
Added Net: Name=NetC1_1
Added Pin To Net: NetName=NetC2_1 Pin=C2-1
Added Pin To Net: NetName=NetC2_1 Pin=U1-6
Added Net: Name=NetC2_1
Added Pin To Net: NetName=NetC3_1 Pin=C3-1
Added Pin To Net: NetName=NetC3_1 Pin=U1-47
Added Net: Name=NetC3_1
Added Pin To Net: NetName=NetC4_1 Pin=C4-1
Added Pin To Net: NetName=NetC4_1 Pin=U1-31
Added Net: Name=NetC4_1
Added Pin To Net: NetName=NetC5_2 Pin=C5-2
Added Pin To Net: NetName=NetC5_2 Pin=U1-7
Added Net: Name=NetC5_2
Added Net: Name=NetJ1_3
Added Net: Name=NetJ1_4
Added Pin To Net: NetName=NetR1_1 Pin=U1-60
Added Net: Name=NetR1_1
Added Net: Name=NetR5_1
Added Pin To Net: NetName=SWCLK Pin=U1-49
Added Net: Name=SWCLK
Added Pin To Net: NetName=SWDIO Pin=U1-46
Added Net: Name=SWDIO
Added Pin To Net: NetName=VCC Pin=C10-1
Added Pin To Net: NetName=VCC Pin=C11-1
Added Net: Name=VCC
Added Pin To Net: NetName=VDD3V3 Pin=C6-1
Added Pin To Net: NetName=VDD3V3 Pin=C7-1
Added Pin To Net: NetName=VDD3V3 Pin=C8-1
Added Pin To Net: NetName=VDD3V3 Pin=C9-1
Added Pin To Net: NetName=VDD3V3 Pin=C12-1
Added Pin To Net: NetName=VDD3V3 Pin=C13-1
Added Pin To Net: NetName=VDD3V3 Pin=U1-1
Added Pin To Net: NetName=VDD3V3 Pin=U1-13
Added Pin To Net: NetName=VDD3V3 Pin=U1-19
Added Pin To Net: NetName=VDD3V3 Pin=U1-32
Added Pin To Net: NetName=VDD3V3 Pin=U1-48
Added Pin To Net: NetName=VDD3V3 Pin=U1-64
Added Net: Name=VDD3V3
Added Class: Name=main
Added Class: Name=motor
